<?xml version="1.0" encoding="UTF-8"?>
<!-- Generated by org.testng.reporters.JUnitXMLReporter -->
<testsuite ignored="0" hostname="DESKTOP-N9KCLHQ" failures="0" tests="3" name="Test" time="0.15" errors="0" timestamp="2024-06-27T11:24:01 IST">
  <testcase classname="start.Run_codeusing_TestNG" name="Demo" time="0.024"/>
  <testcase classname="start.Run_codeusing_TestNG" name="d" time="0.007"/>
  <testcase classname="start.Merging_with_LowerClass" name="merge" time="0.01"/>
</testsuite> <!-- Test -->
