<?xml version="1.0" encoding="UTF-8"?>
<!-- Generated by org.testng.reporters.JUnitXMLReporter -->
<testsuite ignored="1" hostname="DESKTOP-N9KCLHQ" failures="0" tests="2" name="LoginLoan" time="0.016" errors="0" timestamp="2024-06-30T12:31:49 IST">
  <testcase classname="start.Day3" name="ApiLoginLoan" time="0.002"/>
  <testcase classname="start.Day3" name="WebLoginLoan" time="0.004"/>
  <testcase classname="start.Day3" name="MobileLoginLoan" time="0.0">
    <ignored/>
  </testcase> <!-- MobileLoginLoan -->
</testsuite> <!-- LoginLoan -->
