<?xml version="1.0" encoding="UTF-8"?>
<!-- Generated by org.testng.reporters.JUnitXMLReporter -->
<testsuite ignored="1" hostname="DESKTOP-N9KCLHQ" failures="0" tests="6" name="PersonalLoan" time="0.166" errors="0" timestamp="2024-06-30T12:31:49 IST">
  <testcase classname="start.Run_codeusing_TestNG" name="Demo1" time="0.012"/>
  <testcase classname="start.Run_codeusing_TestNG" name="Demo2" time="0.002"/>
  <testcase classname="start.Merging_with_LowerClass" name="merge" time="0.009"/>
  <testcase classname="start.Day4" name="ApiHomeLoan" time="0.003"/>
  <testcase classname="start.Day4" name="MobileHomeLoan" time="0.004"/>
  <testcase classname="start.Day4" name="WebHomeLoan" time="0.006"/>
  <testcase classname="start.Run_codeusing_TestNG" name="d" time="0.0">
    <ignored/>
  </testcase> <!-- d -->
</testsuite> <!-- PersonalLoan -->
